<?xml version="1.0" encoding="UTF-8" ?>
<testsuites>
<testsuite name="Chain exercises" errors="0" tests="0" failures="0" time="0" timestamp="2015-03-06T16:26:09">
</testsuite>
<testsuite name="Chain exercises.The grandfather of all knowledge" errors="0" tests="1" failures="0" time="1.913" timestamp="2015-03-06T16:26:04">
  <testcase classname="Chain exercises.The grandfather of all knowledge" name="should get the question" time="1.911"></testcase>
</testsuite>
<testsuite name="Chain exercises.The releases" errors="0" tests="4" failures="1" time="2.852" timestamp="2015-03-06T16:26:06">
  <testcase classname="Chain exercises.The releases" name="should get the latest release of protractor" time="0.835"></testcase>
  <testcase classname="Chain exercises.The releases" name="should get the previous release of protractor" time="0.743"></testcase>
  <testcase classname="Chain exercises.The releases" name="should get the initial release of protractor" time="0.713"></testcase>
  <testcase classname="Chain exercises.The releases" name="should get the number of releases of protractor" time="0.56"><failure type="expect" message="TypeError: undefined is not a function">TypeError: undefined is not a function
    at [object Object].&amp;lt;anonymous&amp;gt; (/private/var/folders/0g/zhws200d72d1258frmp3rlb80000gn/T/1425655562969.858:122:23)
    at /Users/clairefritz/javaScriptDays/protractor-workshop/node_modules/protractor/node_modules/jasminewd/index.js:94:14
    at [object Object].webdriver.promise.ControlFlow.runInNewFrame_ (/Users/clairefritz/javaScriptDays/protractor-workshop/node_modules/protractor/node_modules/selenium-webdriver/lib/webdriver/promise.js:1654:20)
    at [object Object].webdriver.promise.ControlFlow.runEventLoop_ (/Users/clairefritz/javaScriptDays/protractor-workshop/node_modules/protractor/node_modules/selenium-webdriver/lib/webdriver/promise.js:1518:8)
    at [object Object].wrapper [as _onTimeout] (timers.js:265:14)
    at Timer.listOnTimeout (timers.js:110:15)
==== async task ====
Asynchronous test function: it()
    at [object Object].&amp;lt;anonymous&amp;gt; (/Users/clairefritz/javaScriptDays/protractor-workshop/node_modules/protractor/node_modules/jasminewd/index.js:93:33)
    at [object Object].&amp;lt;anonymous&amp;gt; (/Users/clairefritz/javaScriptDays/protractor-workshop/node_modules/protractor/node_modules/minijasminenode/lib/async-callback.js:45:37)
    at [object Object].jasmine.Block.execute (/Users/clairefritz/javaScriptDays/protractor-workshop/node_modules/protractor/node_modules/minijasminenode/lib/jasmine-1.3.1.js:1174:17)
    at [object Object].jasmine.Queue.next_ (/Users/clairefritz/javaScriptDays/protractor-workshop/node_modules/protractor/node_modules/minijasminenode/lib/jasmine-1.3.1.js:2209:31)
    at [object Object]._onTimeout (/Users/clairefritz/javaScriptDays/protractor-workshop/node_modules/protractor/node_modules/minijasminenode/lib/jasmine-1.3.1.js:2199:18)
    at Timer.listOnTimeout (timers.js:110:15)==== async task ====
Error
    at [object Object].&amp;lt;anonymous&amp;gt; (/private/var/folders/0g/zhws200d72d1258frmp3rlb80000gn/T/1425655562969.858:120:9)
    at [object Object].jasmine.Env.describe_ (/Users/clairefritz/javaScriptDays/protractor-workshop/node_modules/protractor/node_modules/minijasminenode/lib/jasmine-1.3.1.js:913:21)
    at [object Object].jasmine.Env.describe (/Users/clairefritz/javaScriptDays/protractor-workshop/node_modules/protractor/node_modules/minijasminenode/lib/jasmine-1.3.1.js:898:15)
    at describe (/Users/clairefritz/javaScriptDays/protractor-workshop/node_modules/protractor/node_modules/minijasminenode/lib/jasmine-1.3.1.js:658:27)
    at [object Object].&amp;lt;anonymous&amp;gt; (/private/var/folders/0g/zhws200d72d1258frmp3rlb80000gn/T/1425655562969.858:74:5)
    at [object Object].jasmine.Env.describe_ (/Users/clairefritz/javaScriptDays/protractor-workshop/node_modules/protractor/node_modules/minijasminenode/lib/jasmine-1.3.1.js:913:21)
    at [object Object].jasmine.Env.describe (/Users/clairefritz/javaScriptDays/protractor-workshop/node_modules/protractor/node_modules/minijasminenode/lib/jasmine-1.3.1.js:898:15)
    at describe (/Users/clairefritz/javaScriptDays/protractor-workshop/node_modules/protractor/node_modules/minijasminenode/lib/jasmine-1.3.1.js:658:27)
    at Object.&amp;lt;anonymous&amp;gt; (/private/var/folders/0g/zhws200d72d1258frmp3rlb80000gn/T/1425655562969.858:2:1)</failure></testcase>
</testsuite>
</testsuites>